<?xml version="1.0" encoding="UTF-8"?>
<coverage generated="1635827644091" clover="3.2.0">
  <project timestamp="1635827644091" name="All files">
    <metrics statements="72" coveredstatements="72" conditionals="28" coveredconditionals="28" methods="20" coveredmethods="20" elements="120" coveredelements="120" complexity="0" loc="72" ncloc="72" packages="1" files="3" classes="3"/>
    <file name="FigureCalculator.js" path="C:\javascript-projects\Menjadi Back-End Developer Expert\Automation Testing\math-api\src\FigureCalculator.js">
      <metrics statements="16" coveredstatements="16" conditionals="4" coveredconditionals="4" methods="7" coveredmethods="7"/>
      <line num="6" count="17" type="stmt"/>
      <line num="10" count="33" type="cond" truecount="2" falsecount="0"/>
      <line num="11" count="13" type="stmt"/>
      <line num="14" count="20" type="stmt"/>
      <line num="15" count="32" type="cond" truecount="2" falsecount="0"/>
      <line num="16" count="12" type="stmt"/>
      <line num="20" count="8" type="stmt"/>
      <line num="24" count="8" type="stmt"/>
      <line num="25" count="2" type="stmt"/>
      <line num="29" count="8" type="stmt"/>
      <line num="30" count="2" type="stmt"/>
      <line num="34" count="9" type="stmt"/>
      <line num="35" count="2" type="stmt"/>
      <line num="39" count="8" type="stmt"/>
      <line num="40" count="2" type="stmt"/>
      <line num="44" count="2" type="stmt"/>
    </file>
    <file name="MathBasic.js" path="C:\javascript-projects\Menjadi Back-End Developer Expert\Automation Testing\math-api\src\MathBasic.js">
      <metrics statements="26" coveredstatements="26" conditionals="24" coveredconditionals="24" methods="4" coveredmethods="4"/>
      <line num="2" count="3" type="stmt"/>
      <line num="4" count="17" type="cond" truecount="2" falsecount="0"/>
      <line num="5" count="4" type="stmt"/>
      <line num="8" count="13" type="stmt"/>
      <line num="10" count="13" type="cond" truecount="4" falsecount="0"/>
      <line num="11" count="3" type="stmt"/>
      <line num="14" count="10" type="stmt"/>
      <line num="17" count="11" type="cond" truecount="2" falsecount="0"/>
      <line num="18" count="4" type="stmt"/>
      <line num="21" count="7" type="stmt"/>
      <line num="23" count="7" type="cond" truecount="4" falsecount="0"/>
      <line num="24" count="3" type="stmt"/>
      <line num="27" count="4" type="stmt"/>
      <line num="30" count="17" type="cond" truecount="2" falsecount="0"/>
      <line num="31" count="4" type="stmt"/>
      <line num="34" count="13" type="stmt"/>
      <line num="36" count="13" type="cond" truecount="4" falsecount="0"/>
      <line num="37" count="3" type="stmt"/>
      <line num="40" count="10" type="stmt"/>
      <line num="43" count="13" type="cond" truecount="2" falsecount="0"/>
      <line num="44" count="4" type="stmt"/>
      <line num="47" count="9" type="stmt"/>
      <line num="49" count="9" type="cond" truecount="4" falsecount="0"/>
      <line num="50" count="3" type="stmt"/>
      <line num="53" count="6" type="stmt"/>
      <line num="57" count="3" type="stmt"/>
    </file>
    <file name="createServer.js" path="C:\javascript-projects\Menjadi Back-End Developer Expert\Automation Testing\math-api\src\createServer.js">
      <metrics statements="30" coveredstatements="30" conditionals="0" coveredconditionals="0" methods="9" coveredmethods="9"/>
      <line num="2" count="1" type="stmt"/>
      <line num="4" count="1" type="stmt"/>
      <line num="5" count="8" type="stmt"/>
      <line num="10" count="8" type="stmt"/>
      <line num="15" count="1" type="stmt"/>
      <line num="16" count="1" type="stmt"/>
      <line num="17" count="1" type="stmt"/>
      <line num="24" count="1" type="stmt"/>
      <line num="25" count="1" type="stmt"/>
      <line num="26" count="1" type="stmt"/>
      <line num="33" count="1" type="stmt"/>
      <line num="34" count="1" type="stmt"/>
      <line num="35" count="1" type="stmt"/>
      <line num="42" count="1" type="stmt"/>
      <line num="43" count="1" type="stmt"/>
      <line num="44" count="1" type="stmt"/>
      <line num="51" count="1" type="stmt"/>
      <line num="52" count="1" type="stmt"/>
      <line num="53" count="1" type="stmt"/>
      <line num="60" count="1" type="stmt"/>
      <line num="61" count="1" type="stmt"/>
      <line num="62" count="1" type="stmt"/>
      <line num="69" count="1" type="stmt"/>
      <line num="70" count="1" type="stmt"/>
      <line num="73" count="1" type="stmt"/>
      <line num="80" count="1" type="stmt"/>
      <line num="81" count="1" type="stmt"/>
      <line num="82" count="1" type="stmt"/>
      <line num="87" count="8" type="stmt"/>
      <line num="90" count="1" type="stmt"/>
    </file>
  </project>
</coverage>
