{"C:\\javascript-projects\\Menjadi Back-End Developer Expert\\Automation Testing\\math-api\\src\\FigureCalculator.js": {"path":"C:\\javascript-projects\\Menjadi Back-End Developer Expert\\Automation Testing\\math-api\\src\\FigureCalculator.js","statementMap":{"0":{"start":{"line":6,"column":4},"end":{"line":6,"column":32}},"1":{"start":{"line":10,"column":4},"end":{"line":12,"column":5}},"2":{"start":{"line":11,"column":6},"end":{"line":11,"column":78}},"3":{"start":{"line":14,"column":4},"end":{"line":18,"column":7}},"4":{"start":{"line":15,"column":6},"end":{"line":17,"column":7}},"5":{"start":{"line":16,"column":8},"end":{"line":16,"column":66}},"6":{"start":{"line":20,"column":4},"end":{"line":20,"column":16}},"7":{"start":{"line":24,"column":28},"end":{"line":24,"column":53}},"8":{"start":{"line":25,"column":4},"end":{"line":25,"column":75}},"9":{"start":{"line":29,"column":28},"end":{"line":29,"column":53}},"10":{"start":{"line":30,"column":4},"end":{"line":30,"column":51}},"11":{"start":{"line":34,"column":33},"end":{"line":34,"column":58}},"12":{"start":{"line":35,"column":4},"end":{"line":35,"column":72}},"13":{"start":{"line":39,"column":27},"end":{"line":39,"column":52}},"14":{"start":{"line":40,"column":4},"end":{"line":40,"column":77}},"15":{"start":{"line":44,"column":0},"end":{"line":44,"column":34}}},"fnMap":{"0":{"name":"(anonymous_0)","decl":{"start":{"line":5,"column":2},"end":{"line":5,"column":3}},"loc":{"start":{"line":5,"column":25},"end":{"line":7,"column":3}},"line":5},"1":{"name":"(anonymous_1)","decl":{"start":{"line":9,"column":2},"end":{"line":9,"column":3}},"loc":{"start":{"line":9,"column":39},"end":{"line":21,"column":3}},"line":9},"2":{"name":"(anonymous_2)","decl":{"start":{"line":14,"column":17},"end":{"line":14,"column":18}},"loc":{"start":{"line":14,"column":26},"end":{"line":18,"column":5}},"line":14},"3":{"name":"(anonymous_3)","decl":{"start":{"line":23,"column":2},"end":{"line":23,"column":3}},"loc":{"start":{"line":23,"column":39},"end":{"line":26,"column":3}},"line":23},"4":{"name":"(anonymous_4)","decl":{"start":{"line":28,"column":2},"end":{"line":28,"column":3}},"loc":{"start":{"line":28,"column":34},"end":{"line":31,"column":3}},"line":28},"5":{"name":"(anonymous_5)","decl":{"start":{"line":33,"column":2},"end":{"line":33,"column":3}},"loc":{"start":{"line":33,"column":38},"end":{"line":36,"column":3}},"line":33},"6":{"name":"(anonymous_6)","decl":{"start":{"line":38,"column":2},"end":{"line":38,"column":3}},"loc":{"start":{"line":38,"column":33},"end":{"line":41,"column":3}},"line":38}},"branchMap":{"0":{"loc":{"start":{"line":10,"column":4},"end":{"line":12,"column":5}},"type":"if","locations":[{"start":{"line":10,"column":4},"end":{"line":12,"column":5}},{"start":{},"end":{}}],"line":10},"1":{"loc":{"start":{"line":15,"column":6},"end":{"line":17,"column":7}},"type":"if","locations":[{"start":{"line":15,"column":6},"end":{"line":17,"column":7}},{"start":{},"end":{}}],"line":15}},"s":{"0":17,"1":33,"2":13,"3":20,"4":32,"5":12,"6":8,"7":8,"8":2,"9":8,"10":2,"11":9,"12":2,"13":8,"14":2,"15":2},"f":{"0":17,"1":33,"2":32,"3":8,"4":8,"5":9,"6":8},"b":{"0":[13,20],"1":[12,20]},"_coverageSchema":"1a1c01bbd47fc00a2c39e90264f33305004495a9","hash":"ec5d816f75ab1dd618049f9c454463ada67b269c"}
,"C:\\javascript-projects\\Menjadi Back-End Developer Expert\\Automation Testing\\math-api\\src\\MathBasic.js": {"path":"C:\\javascript-projects\\Menjadi Back-End Developer Expert\\Automation Testing\\math-api\\src\\MathBasic.js","statementMap":{"0":{"start":{"line":2,"column":18},"end":{"line":55,"column":1}},"1":{"start":{"line":4,"column":4},"end":{"line":6,"column":5}},"2":{"start":{"line":5,"column":6},"end":{"line":5,"column":65}},"3":{"start":{"line":8,"column":19},"end":{"line":8,"column":23}},"4":{"start":{"line":10,"column":4},"end":{"line":12,"column":5}},"5":{"start":{"line":11,"column":6},"end":{"line":11,"column":64}},"6":{"start":{"line":14,"column":4},"end":{"line":14,"column":17}},"7":{"start":{"line":17,"column":4},"end":{"line":19,"column":5}},"8":{"start":{"line":18,"column":6},"end":{"line":18,"column":70}},"9":{"start":{"line":21,"column":19},"end":{"line":21,"column":23}},"10":{"start":{"line":23,"column":4},"end":{"line":25,"column":5}},"11":{"start":{"line":24,"column":6},"end":{"line":24,"column":64}},"12":{"start":{"line":27,"column":4},"end":{"line":27,"column":17}},"13":{"start":{"line":30,"column":4},"end":{"line":32,"column":5}},"14":{"start":{"line":31,"column":6},"end":{"line":31,"column":70}},"15":{"start":{"line":34,"column":19},"end":{"line":34,"column":23}},"16":{"start":{"line":36,"column":4},"end":{"line":38,"column":5}},"17":{"start":{"line":37,"column":6},"end":{"line":37,"column":64}},"18":{"start":{"line":40,"column":4},"end":{"line":40,"column":17}},"19":{"start":{"line":43,"column":4},"end":{"line":45,"column":5}},"20":{"start":{"line":44,"column":6},"end":{"line":44,"column":68}},"21":{"start":{"line":47,"column":19},"end":{"line":47,"column":23}},"22":{"start":{"line":49,"column":4},"end":{"line":51,"column":5}},"23":{"start":{"line":50,"column":6},"end":{"line":50,"column":64}},"24":{"start":{"line":53,"column":4},"end":{"line":53,"column":17}},"25":{"start":{"line":57,"column":0},"end":{"line":57,"column":27}}},"fnMap":{"0":{"name":"(anonymous_0)","decl":{"start":{"line":3,"column":7},"end":{"line":3,"column":8}},"loc":{"start":{"line":3,"column":20},"end":{"line":15,"column":3}},"line":3},"1":{"name":"(anonymous_1)","decl":{"start":{"line":16,"column":12},"end":{"line":16,"column":13}},"loc":{"start":{"line":16,"column":25},"end":{"line":28,"column":3}},"line":16},"2":{"name":"(anonymous_2)","decl":{"start":{"line":29,"column":12},"end":{"line":29,"column":13}},"loc":{"start":{"line":29,"column":25},"end":{"line":41,"column":3}},"line":29},"3":{"name":"(anonymous_3)","decl":{"start":{"line":42,"column":10},"end":{"line":42,"column":11}},"loc":{"start":{"line":42,"column":23},"end":{"line":54,"column":3}},"line":42}},"branchMap":{"0":{"loc":{"start":{"line":4,"column":4},"end":{"line":6,"column":5}},"type":"if","locations":[{"start":{"line":4,"column":4},"end":{"line":6,"column":5}},{"start":{},"end":{}}],"line":4},"1":{"loc":{"start":{"line":10,"column":4},"end":{"line":12,"column":5}},"type":"if","locations":[{"start":{"line":10,"column":4},"end":{"line":12,"column":5}},{"start":{},"end":{}}],"line":10},"2":{"loc":{"start":{"line":10,"column":8},"end":{"line":10,"column":54}},"type":"binary-expr","locations":[{"start":{"line":10,"column":8},"end":{"line":10,"column":29}},{"start":{"line":10,"column":33},"end":{"line":10,"column":54}}],"line":10},"3":{"loc":{"start":{"line":17,"column":4},"end":{"line":19,"column":5}},"type":"if","locations":[{"start":{"line":17,"column":4},"end":{"line":19,"column":5}},{"start":{},"end":{}}],"line":17},"4":{"loc":{"start":{"line":23,"column":4},"end":{"line":25,"column":5}},"type":"if","locations":[{"start":{"line":23,"column":4},"end":{"line":25,"column":5}},{"start":{},"end":{}}],"line":23},"5":{"loc":{"start":{"line":23,"column":8},"end":{"line":23,"column":54}},"type":"binary-expr","locations":[{"start":{"line":23,"column":8},"end":{"line":23,"column":29}},{"start":{"line":23,"column":33},"end":{"line":23,"column":54}}],"line":23},"6":{"loc":{"start":{"line":30,"column":4},"end":{"line":32,"column":5}},"type":"if","locations":[{"start":{"line":30,"column":4},"end":{"line":32,"column":5}},{"start":{},"end":{}}],"line":30},"7":{"loc":{"start":{"line":36,"column":4},"end":{"line":38,"column":5}},"type":"if","locations":[{"start":{"line":36,"column":4},"end":{"line":38,"column":5}},{"start":{},"end":{}}],"line":36},"8":{"loc":{"start":{"line":36,"column":8},"end":{"line":36,"column":54}},"type":"binary-expr","locations":[{"start":{"line":36,"column":8},"end":{"line":36,"column":29}},{"start":{"line":36,"column":33},"end":{"line":36,"column":54}}],"line":36},"9":{"loc":{"start":{"line":43,"column":4},"end":{"line":45,"column":5}},"type":"if","locations":[{"start":{"line":43,"column":4},"end":{"line":45,"column":5}},{"start":{},"end":{}}],"line":43},"10":{"loc":{"start":{"line":49,"column":4},"end":{"line":51,"column":5}},"type":"if","locations":[{"start":{"line":49,"column":4},"end":{"line":51,"column":5}},{"start":{},"end":{}}],"line":49},"11":{"loc":{"start":{"line":49,"column":8},"end":{"line":49,"column":54}},"type":"binary-expr","locations":[{"start":{"line":49,"column":8},"end":{"line":49,"column":29}},{"start":{"line":49,"column":33},"end":{"line":49,"column":54}}],"line":49}},"s":{"0":3,"1":17,"2":4,"3":13,"4":13,"5":3,"6":10,"7":11,"8":4,"9":7,"10":7,"11":3,"12":4,"13":17,"14":4,"15":13,"16":13,"17":3,"18":10,"19":13,"20":4,"21":9,"22":9,"23":3,"24":6,"25":3},"f":{"0":17,"1":11,"2":17,"3":13},"b":{"0":[4,13],"1":[3,10],"2":[13,10],"3":[4,7],"4":[3,4],"5":[7,5],"6":[4,13],"7":[3,10],"8":[13,11],"9":[4,9],"10":[3,6],"11":[9,7]},"_coverageSchema":"1a1c01bbd47fc00a2c39e90264f33305004495a9","hash":"4b0955d07676085658edac592a7d3cfe789ada5a"}
,"C:\\javascript-projects\\Menjadi Back-End Developer Expert\\Automation Testing\\math-api\\src\\createServer.js": {"path":"C:\\javascript-projects\\Menjadi Back-End Developer Expert\\Automation Testing\\math-api\\src\\createServer.js","statementMap":{"0":{"start":{"line":2,"column":13},"end":{"line":2,"column":34}},"1":{"start":{"line":4,"column":21},"end":{"line":88,"column":1}},"2":{"start":{"line":5,"column":17},"end":{"line":8,"column":4}},"3":{"start":{"line":10,"column":2},"end":{"line":85,"column":5}},"4":{"start":{"line":15,"column":25},"end":{"line":15,"column":39}},"5":{"start":{"line":16,"column":22},"end":{"line":16,"column":57}},"6":{"start":{"line":17,"column":8},"end":{"line":17,"column":25}},"7":{"start":{"line":24,"column":25},"end":{"line":24,"column":39}},"8":{"start":{"line":25,"column":22},"end":{"line":25,"column":62}},"9":{"start":{"line":26,"column":8},"end":{"line":26,"column":25}},"10":{"start":{"line":33,"column":25},"end":{"line":33,"column":39}},"11":{"start":{"line":34,"column":22},"end":{"line":34,"column":62}},"12":{"start":{"line":35,"column":8},"end":{"line":35,"column":25}},"13":{"start":{"line":42,"column":25},"end":{"line":42,"column":39}},"14":{"start":{"line":43,"column":22},"end":{"line":43,"column":60}},"15":{"start":{"line":44,"column":8},"end":{"line":44,"column":25}},"16":{"start":{"line":51,"column":34},"end":{"line":51,"column":48}},"17":{"start":{"line":52,"column":22},"end":{"line":52,"column":97}},"18":{"start":{"line":53,"column":8},"end":{"line":53,"column":25}},"19":{"start":{"line":60,"column":34},"end":{"line":60,"column":48}},"20":{"start":{"line":61,"column":22},"end":{"line":61,"column":92}},"21":{"start":{"line":62,"column":8},"end":{"line":62,"column":25}},"22":{"start":{"line":69,"column":39},"end":{"line":69,"column":53}},"23":{"start":{"line":70,"column":22},"end":{"line":72,"column":9}},"24":{"start":{"line":73,"column":8},"end":{"line":73,"column":25}},"25":{"start":{"line":80,"column":33},"end":{"line":80,"column":47}},"26":{"start":{"line":81,"column":22},"end":{"line":81,"column":90}},"27":{"start":{"line":82,"column":8},"end":{"line":82,"column":25}},"28":{"start":{"line":87,"column":2},"end":{"line":87,"column":16}},"29":{"start":{"line":90,"column":0},"end":{"line":90,"column":30}}},"fnMap":{"0":{"name":"(anonymous_0)","decl":{"start":{"line":4,"column":21},"end":{"line":4,"column":22}},"loc":{"start":{"line":4,"column":58},"end":{"line":88,"column":1}},"line":4},"1":{"name":"(anonymous_1)","decl":{"start":{"line":14,"column":15},"end":{"line":14,"column":16}},"loc":{"start":{"line":14,"column":28},"end":{"line":18,"column":7}},"line":14},"2":{"name":"(anonymous_2)","decl":{"start":{"line":23,"column":15},"end":{"line":23,"column":16}},"loc":{"start":{"line":23,"column":28},"end":{"line":27,"column":7}},"line":23},"3":{"name":"(anonymous_3)","decl":{"start":{"line":32,"column":15},"end":{"line":32,"column":16}},"loc":{"start":{"line":32,"column":28},"end":{"line":36,"column":7}},"line":32},"4":{"name":"(anonymous_4)","decl":{"start":{"line":41,"column":15},"end":{"line":41,"column":16}},"loc":{"start":{"line":41,"column":28},"end":{"line":45,"column":7}},"line":41},"5":{"name":"(anonymous_5)","decl":{"start":{"line":50,"column":15},"end":{"line":50,"column":16}},"loc":{"start":{"line":50,"column":28},"end":{"line":54,"column":7}},"line":50},"6":{"name":"(anonymous_6)","decl":{"start":{"line":59,"column":15},"end":{"line":59,"column":16}},"loc":{"start":{"line":59,"column":28},"end":{"line":63,"column":7}},"line":59},"7":{"name":"(anonymous_7)","decl":{"start":{"line":68,"column":15},"end":{"line":68,"column":16}},"loc":{"start":{"line":68,"column":28},"end":{"line":74,"column":7}},"line":68},"8":{"name":"(anonymous_8)","decl":{"start":{"line":79,"column":15},"end":{"line":79,"column":16}},"loc":{"start":{"line":79,"column":28},"end":{"line":83,"column":7}},"line":79}},"branchMap":{},"s":{"0":1,"1":1,"2":8,"3":8,"4":1,"5":1,"6":1,"7":1,"8":1,"9":1,"10":1,"11":1,"12":1,"13":1,"14":1,"15":1,"16":1,"17":1,"18":1,"19":1,"20":1,"21":1,"22":1,"23":1,"24":1,"25":1,"26":1,"27":1,"28":8,"29":1},"f":{"0":8,"1":1,"2":1,"3":1,"4":1,"5":1,"6":1,"7":1,"8":1},"b":{},"_coverageSchema":"1a1c01bbd47fc00a2c39e90264f33305004495a9","hash":"2c5aa6794f59396d662738d1cb4ddad72a08467a"}
}
