TN:
SF:src\FigureCalculator.js
FN:5,(anonymous_0)
FN:9,(anonymous_1)
FN:14,(anonymous_2)
FN:23,(anonymous_3)
FN:28,(anonymous_4)
FN:33,(anonymous_5)
FN:38,(anonymous_6)
FNF:7
FNH:7
FNDA:17,(anonymous_0)
FNDA:33,(anonymous_1)
FNDA:32,(anonymous_2)
FNDA:8,(anonymous_3)
FNDA:8,(anonymous_4)
FNDA:9,(anonymous_5)
FNDA:8,(anonymous_6)
DA:6,17
DA:10,33
DA:11,13
DA:14,20
DA:15,32
DA:16,12
DA:20,8
DA:24,8
DA:25,2
DA:29,8
DA:30,2
DA:34,9
DA:35,2
DA:39,8
DA:40,2
DA:44,2
LF:16
LH:16
BRDA:10,0,0,13
BRDA:10,0,1,20
BRDA:15,1,0,12
BRDA:15,1,1,20
BRF:4
BRH:4
end_of_record
TN:
SF:src\MathBasic.js
FN:3,(anonymous_0)
FN:16,(anonymous_1)
FN:29,(anonymous_2)
FN:42,(anonymous_3)
FNF:4
FNH:4
FNDA:17,(anonymous_0)
FNDA:11,(anonymous_1)
FNDA:17,(anonymous_2)
FNDA:13,(anonymous_3)
DA:2,3
DA:4,17
DA:5,4
DA:8,13
DA:10,13
DA:11,3
DA:14,10
DA:17,11
DA:18,4
DA:21,7
DA:23,7
DA:24,3
DA:27,4
DA:30,17
DA:31,4
DA:34,13
DA:36,13
DA:37,3
DA:40,10
DA:43,13
DA:44,4
DA:47,9
DA:49,9
DA:50,3
DA:53,6
DA:57,3
LF:26
LH:26
BRDA:4,0,0,4
BRDA:4,0,1,13
BRDA:10,1,0,3
BRDA:10,1,1,10
BRDA:10,2,0,13
BRDA:10,2,1,10
BRDA:17,3,0,4
BRDA:17,3,1,7
BRDA:23,4,0,3
BRDA:23,4,1,4
BRDA:23,5,0,7
BRDA:23,5,1,5
BRDA:30,6,0,4
BRDA:30,6,1,13
BRDA:36,7,0,3
BRDA:36,7,1,10
BRDA:36,8,0,13
BRDA:36,8,1,11
BRDA:43,9,0,4
BRDA:43,9,1,9
BRDA:49,10,0,3
BRDA:49,10,1,6
BRDA:49,11,0,9
BRDA:49,11,1,7
BRF:24
BRH:24
end_of_record
TN:
SF:src\createServer.js
FN:4,(anonymous_0)
FN:14,(anonymous_1)
FN:23,(anonymous_2)
FN:32,(anonymous_3)
FN:41,(anonymous_4)
FN:50,(anonymous_5)
FN:59,(anonymous_6)
FN:68,(anonymous_7)
FN:79,(anonymous_8)
FNF:9
FNH:9
FNDA:8,(anonymous_0)
FNDA:1,(anonymous_1)
FNDA:1,(anonymous_2)
FNDA:1,(anonymous_3)
FNDA:1,(anonymous_4)
FNDA:1,(anonymous_5)
FNDA:1,(anonymous_6)
FNDA:1,(anonymous_7)
FNDA:1,(anonymous_8)
DA:2,1
DA:4,1
DA:5,8
DA:10,8
DA:15,1
DA:16,1
DA:17,1
DA:24,1
DA:25,1
DA:26,1
DA:33,1
DA:34,1
DA:35,1
DA:42,1
DA:43,1
DA:44,1
DA:51,1
DA:52,1
DA:53,1
DA:60,1
DA:61,1
DA:62,1
DA:69,1
DA:70,1
DA:73,1
DA:80,1
DA:81,1
DA:82,1
DA:87,8
DA:90,1
LF:30
LH:30
BRF:0
BRH:0
end_of_record
