TN:
SF:src\FigureCalculator.js
FN:5,(anonymous_0)
FN:9,(anonymous_1)
FN:14,(anonymous_2)
FN:23,(anonymous_3)
FN:28,(anonymous_4)
FN:33,(anonymous_5)
FN:38,(anonymous_6)
FNF:7
FNH:7
FNDA:13,(anonymous_0)
FNDA:29,(anonymous_1)
FNDA:23,(anonymous_2)
FNDA:7,(anonymous_3)
FNDA:7,(anonymous_4)
FNDA:8,(anonymous_5)
FNDA:7,(anonymous_6)
DA:6,13
DA:10,29
DA:11,13
DA:14,16
DA:15,23
DA:16,12
DA:20,4
DA:24,7
DA:25,1
DA:29,7
DA:30,1
DA:34,8
DA:35,1
DA:39,7
DA:40,1
DA:44,1
LF:16
LH:16
BRDA:10,0,0,13
BRDA:10,0,1,16
BRDA:15,1,0,12
BRDA:15,1,1,11
BRF:4
BRH:4
end_of_record
TN:
SF:src\MathBasic.js
FN:3,(anonymous_0)
FN:16,(anonymous_1)
FN:29,(anonymous_2)
FN:42,(anonymous_3)
FNF:4
FNH:4
FNDA:13,(anonymous_0)
FNDA:10,(anonymous_1)
FNDA:13,(anonymous_2)
FNDA:11,(anonymous_3)
DA:2,2
DA:4,13
DA:5,4
DA:8,9
DA:10,9
DA:11,3
DA:14,6
DA:17,10
DA:18,4
DA:21,6
DA:23,6
DA:24,3
DA:27,3
DA:30,13
DA:31,4
DA:34,9
DA:36,9
DA:37,3
DA:40,6
DA:43,11
DA:44,4
DA:47,7
DA:49,7
DA:50,3
DA:53,4
DA:57,2
LF:26
LH:26
BRDA:4,0,0,4
BRDA:4,0,1,9
BRDA:10,1,0,3
BRDA:10,1,1,6
BRDA:10,2,0,9
BRDA:10,2,1,6
BRDA:17,3,0,4
BRDA:17,3,1,6
BRDA:23,4,0,3
BRDA:23,4,1,3
BRDA:23,5,0,6
BRDA:23,5,1,4
BRDA:30,6,0,4
BRDA:30,6,1,9
BRDA:36,7,0,3
BRDA:36,7,1,6
BRDA:36,8,0,9
BRDA:36,8,1,7
BRDA:43,9,0,4
BRDA:43,9,1,7
BRDA:49,10,0,3
BRDA:49,10,1,4
BRDA:49,11,0,7
BRDA:49,11,1,5
BRF:24
BRH:24
end_of_record
